Using pre-set license
Built from '2020.3/release' branch; Version is '2020.3.15f2 (6cf78cb77498) revision 7141260'; Using compiler version '192528614'; Build Type 'Release'
OS: 'Windows 10 Pro; OS build 19044.2251; Version 2009; 64bit' Language: 'ru' Physical Memory: 16314 MB
BatchMode: 1, IsHumanControllingUs: 0, StartBugReporterOnCrash: 0, Is64bit: 1, IsPro: 0

 COMMAND LINE ARGUMENTS:
E:\игрушки\Unity Hub\2020.3.15f2\Editor\Unity.exe
-adb2
-batchMode
-noUpm
-name
AssetImportWorker0
-projectPath
C:/Users/bvv09/Downloads/RegAndAuth-main/RegAndAuth-main/AuthAndReg/Hockey
-logFile
Logs/AssetImportWorker0.log
-srvPort
61526
Successfully changed project path to: C:/Users/bvv09/Downloads/RegAndAuth-main/RegAndAuth-main/AuthAndReg/Hockey
C:/Users/bvv09/Downloads/RegAndAuth-main/RegAndAuth-main/AuthAndReg/Hockey
Using Asset Import Pipeline V2.
Refreshing native plugins compatible for Editor in 57.66 ms, found 3 plugins.
Preloading 0 native plugins for Editor in 0.00 ms.
Initialize engine version: 2020.3.15f2 (6cf78cb77498)
[Subsystems] Discovering subsystems at path E:/игрушки/Unity Hub/2020.3.15f2/Editor/Data/Resources/UnitySubsystems
[Subsystems] Discovering subsystems at path C:/Users/bvv09/Downloads/RegAndAuth-main/RegAndAuth-main/AuthAndReg/Hockey/Assets
GfxDevice: creating device client; threaded=0
Direct3D:
    Version:  Direct3D 11.0 [level 11.1]
    Renderer: NVIDIA GeForce GTX 1060 6GB (ID=0x1c03)
    Vendor:   
    VRAM:     6052 MB
    Driver:   30.0.15.1215
Initialize mono
Mono path[0] = 'E:/игрушки/Unity Hub/2020.3.15f2/Editor/Data/Managed'
Mono path[1] = 'E:/игрушки/Unity Hub/2020.3.15f2/Editor/Data/MonoBleedingEdge/lib/mono/unityjit'
Mono config path = 'E:/игрушки/Unity Hub/2020.3.15f2/Editor/Data/MonoBleedingEdge/etc'
Using monoOptions --debugger-agent=transport=dt_socket,embedding=1,server=y,suspend=n,address=127.0.0.1:56776
Begin MonoManager ReloadAssembly
Registering precompiled unity dll's ...
Register platform support module: E:/игрушки/Unity Hub/2020.3.15f2/Editor/Data/PlaybackEngines/WindowsStandaloneSupport/UnityEditor.WindowsStandalone.Extensions.dll
Registered in 0.001323 seconds.
Native extension for WindowsStandalone target not found
Refreshing native plugins compatible for Editor in 63.80 ms, found 3 plugins.
Preloading 0 native plugins for Editor in 0.00 ms.
Mono: successfully reloaded assembly
- Completed reload, in  2.912 seconds
Domain Reload Profiling:
	ReloadAssembly (2912ms)
		BeginReloadAssembly (52ms)
			ExecutionOrderSort (0ms)
			DisableScriptedObjects (0ms)
			BackupInstance (0ms)
			ReleaseScriptingObjects (0ms)
			CreateAndSetChildDomain (1ms)
		EndReloadAssembly (552ms)
			LoadAssemblies (51ms)
			RebuildTransferFunctionScriptingTraits (0ms)
			SetupTypeCache (224ms)
			ReleaseScriptCaches (0ms)
			RebuildScriptCaches (34ms)
			SetupLoadedEditorAssemblies (209ms)
				LogAssemblyErrors (0ms)
				InitializePlatformSupportModulesInManaged (4ms)
				SetLoadedEditorAssemblies (0ms)
				RefreshPlugins (64ms)
				BeforeProcessingInitializeOnLoad (12ms)
				ProcessInitializeOnLoadAttributes (98ms)
				ProcessInitializeOnLoadMethodAttributes (31ms)
				AfterProcessingInitializeOnLoad (0ms)
				EditorAssembliesLoaded (0ms)
			ExecutionOrderSort2 (0ms)
			AwakeInstancesAfterBackupRestoration (0ms)
Platform modules already initialized, skipping
Registering precompiled user dll's ...
Registered in 0.009323 seconds.
Begin MonoManager ReloadAssembly
Native extension for WindowsStandalone target not found
Refreshing native plugins compatible for Editor in 72.20 ms, found 3 plugins.
Preloading 0 native plugins for Editor in 0.00 ms.
Mono: successfully reloaded assembly
- Completed reload, in  1.731 seconds
Domain Reload Profiling:
	ReloadAssembly (1732ms)
		BeginReloadAssembly (186ms)
			ExecutionOrderSort (0ms)
			DisableScriptedObjects (5ms)
			BackupInstance (0ms)
			ReleaseScriptingObjects (0ms)
			CreateAndSetChildDomain (21ms)
		EndReloadAssembly (1469ms)
			LoadAssemblies (139ms)
			RebuildTransferFunctionScriptingTraits (0ms)
			SetupTypeCache (430ms)
			ReleaseScriptCaches (0ms)
			RebuildScriptCaches (64ms)
			SetupLoadedEditorAssemblies (616ms)
				LogAssemblyErrors (0ms)
				InitializePlatformSupportModulesInManaged (4ms)
				SetLoadedEditorAssemblies (0ms)
				RefreshPlugins (72ms)
				BeforeProcessingInitializeOnLoad (161ms)
				ProcessInitializeOnLoadAttributes (328ms)
				ProcessInitializeOnLoadMethodAttributes (45ms)
				AfterProcessingInitializeOnLoad (5ms)
				EditorAssembliesLoaded (0ms)
			ExecutionOrderSort2 (0ms)
			AwakeInstancesAfterBackupRestoration (7ms)
Platform modules already initialized, skipping
========================================================================
Worker process is ready to serve import requests
Launched and connected shader compiler UnityShaderCompiler.exe after 0.05 seconds
Refreshing native plugins compatible for Editor in 0.58 ms, found 3 plugins.
Preloading 0 native plugins for Editor in 0.00 ms.
Unloading 2129 Unused Serialized files (Serialized files now loaded: 0)
System memory in use before: 94.9 MB.
System memory in use after: 94.9 MB.

Unloading 40 unused Assets to reduce memory usage. Loaded Objects now: 2565.
Total: 3.437500 ms (FindLiveObjects: 0.286600 ms CreateObjectMapping: 0.147000 ms MarkObjects: 2.581200 ms  DeleteObjects: 0.421200 ms)

AssetImportParameters requested are different than current active one (requested -> active):
  custom:framework-win-MediaFoundation: 216162199b28c13a410421893ffa2e32 -> 
  custom:video-decoder-ogg-theora: a1e56fd34408186e4bbccfd4996cb3dc -> 
  custom:container-muxer-webm: aa71ff27fc2769a1b78a27578f13a17b -> 
  custom:container-demuxer-webm: 4f35f7cbe854078d1ac9338744f61a02 -> 
  custom:container-demuxer-ogg: 62fdf1f143b41e24485cea50d1cbac27 -> 
  custom:video-encoder-webm-vp8: eb34c28f22e8b96e1ab97ce403110664 -> 
  custom:video-decoder-webm-vp8: 9c59270c3fd7afecdb556c50c9e8de78 -> 
  custom:audio-decoder-ogg-vorbis: bf7c407c2cedff20999df2af8eb42d56 -> 
  custom:audio-encoder-webm-vorbis: bf7c407c2cedff20999df2af8eb42d56 -> 
========================================================================
Received Import Request.
  path: Assets/AppMetrica/AppMetrica.prefab
  artifactKey: Guid(1edb7f7d5ea68467097decc77664b28d) Importer(815301076,1909f56bfc062723c751e8b465ee728b)
Start importing Assets/AppMetrica/AppMetrica.prefab using Guid(1edb7f7d5ea68467097decc77664b28d) Importer(815301076,1909f56bfc062723c751e8b465ee728b)  -> (artifact id: 'ac175c4a5c5b40b29cea5186aeb298a1') in 0.057465 seconds 
  Import took 0.060590 seconds .

========================================================================
Received Prepare
Registering precompiled user dll's ...
Registered in 0.008054 seconds.
Begin MonoManager ReloadAssembly
Native extension for WindowsStandalone target not found
Refreshing native plugins compatible for Editor in 0.46 ms, found 3 plugins.
Preloading 0 native plugins for Editor in 0.00 ms.
Mono: successfully reloaded assembly
- Completed reload, in  1.107 seconds
Domain Reload Profiling:
	ReloadAssembly (1112ms)
		BeginReloadAssembly (119ms)
			ExecutionOrderSort (0ms)
			DisableScriptedObjects (6ms)
			BackupInstance (0ms)
			ReleaseScriptingObjects (0ms)
			CreateAndSetChildDomain (37ms)
		EndReloadAssembly (936ms)
			LoadAssemblies (91ms)
			RebuildTransferFunctionScriptingTraits (0ms)
			SetupTypeCache (291ms)
			ReleaseScriptCaches (1ms)
			RebuildScriptCaches (41ms)
			SetupLoadedEditorAssemblies (399ms)
				LogAssemblyErrors (0ms)
				InitializePlatformSupportModulesInManaged (5ms)
				SetLoadedEditorAssemblies (0ms)
				RefreshPlugins (1ms)
				BeforeProcessingInitializeOnLoad (92ms)
				ProcessInitializeOnLoadAttributes (293ms)
				ProcessInitializeOnLoadMethodAttributes (6ms)
				AfterProcessingInitializeOnLoad (3ms)
				EditorAssembliesLoaded (0ms)
			ExecutionOrderSort2 (0ms)
			AwakeInstancesAfterBackupRestoration (11ms)
Platform modules already initialized, skipping
Refreshing native plugins compatible for Editor in 0.46 ms, found 3 plugins.
Preloading 0 native plugins for Editor in 0.00 ms.
Unloading 2124 Unused Serialized files (Serialized files now loaded: 0)
System memory in use before: 94.9 MB.
System memory in use after: 94.9 MB.

Unloading 28 unused Assets to reduce memory usage. Loaded Objects now: 2569.
Total: 2.710000 ms (FindLiveObjects: 0.168400 ms CreateObjectMapping: 0.075300 ms MarkObjects: 2.369600 ms  DeleteObjects: 0.095700 ms)

AssetImportParameters requested are different than current active one (requested -> active):
  custom:framework-win-MediaFoundation: 216162199b28c13a410421893ffa2e32 -> 
  custom:video-decoder-ogg-theora: a1e56fd34408186e4bbccfd4996cb3dc -> 
  custom:container-muxer-webm: aa71ff27fc2769a1b78a27578f13a17b -> 
  custom:container-demuxer-webm: 4f35f7cbe854078d1ac9338744f61a02 -> 
  custom:container-demuxer-ogg: 62fdf1f143b41e24485cea50d1cbac27 -> 
  custom:video-encoder-webm-vp8: eb34c28f22e8b96e1ab97ce403110664 -> 
  custom:video-decoder-webm-vp8: 9c59270c3fd7afecdb556c50c9e8de78 -> 
  custom:audio-decoder-ogg-vorbis: bf7c407c2cedff20999df2af8eb42d56 -> 
  custom:audio-encoder-webm-vorbis: bf7c407c2cedff20999df2af8eb42d56 -> 
========================================================================
Received Import Request.
  Time since last request: 292.506927 seconds.
  path: Assets/OneSignal-Unity-SDK-main/OneSignal-Unity-SDK-main
  artifactKey: Guid(c4c1ce05169cf5947b98662a88609b4f) Importer(815301076,1909f56bfc062723c751e8b465ee728b)
Start importing Assets/OneSignal-Unity-SDK-main/OneSignal-Unity-SDK-main using Guid(c4c1ce05169cf5947b98662a88609b4f) Importer(815301076,1909f56bfc062723c751e8b465ee728b)  -> (artifact id: '1b517db90516468ed293f07ce8ce8014') in 0.011905 seconds 
  Import took 0.015598 seconds .

========================================================================
Received Import Request.
  Time since last request: 2.374107 seconds.
  path: Assets/OneSignal-Unity-SDK-main/OneSignal-Unity-SDK-main/com.onesignal.unity.android
  artifactKey: Guid(58d2b8a1c7d107a4bb9aa198fb4c524d) Importer(815301076,1909f56bfc062723c751e8b465ee728b)
Start importing Assets/OneSignal-Unity-SDK-main/OneSignal-Unity-SDK-main/com.onesignal.unity.android using Guid(58d2b8a1c7d107a4bb9aa198fb4c524d) Importer(815301076,1909f56bfc062723c751e8b465ee728b)  -> (artifact id: 'f38f710264eab3ae56444139d86e63c5') in 0.007292 seconds 
  Import took 0.010516 seconds .

========================================================================
Received Import Request.
  Time since last request: 1.132430 seconds.
  path: Assets/OneSignal-Unity-SDK-main/OneSignal-Unity-SDK-main/com.onesignal.unity.android/Editor
  artifactKey: Guid(14639f05402584a40b55c7ea110926a9) Importer(815301076,1909f56bfc062723c751e8b465ee728b)
Start importing Assets/OneSignal-Unity-SDK-main/OneSignal-Unity-SDK-main/com.onesignal.unity.android/Editor using Guid(14639f05402584a40b55c7ea110926a9) Importer(815301076,1909f56bfc062723c751e8b465ee728b)  -> (artifact id: 'f8b8e9e05fca7165c409e0f70409c03c') in 0.007511 seconds 
  Import took 0.010812 seconds .

========================================================================
Received Import Request.
  Time since last request: 0.000503 seconds.
  path: Assets/OneSignal-Unity-SDK-main/OneSignal-Unity-SDK-main/com.onesignal.unity.android/Editor
  artifactKey: Guid(14639f05402584a40b55c7ea110926a9) Importer(815301076,1909f56bfc062723c751e8b465ee728b)
Start importing Assets/OneSignal-Unity-SDK-main/OneSignal-Unity-SDK-main/com.onesignal.unity.android/Editor using Guid(14639f05402584a40b55c7ea110926a9) Importer(815301076,1909f56bfc062723c751e8b465ee728b)  -> (artifact id: 'f8b8e9e05fca7165c409e0f70409c03c') in 0.002592 seconds 
  Import took 0.005971 seconds .

========================================================================
Received Import Request.
  Time since last request: 0.074399 seconds.
  path: Assets/OneSignal-Unity-SDK-main/OneSignal-Unity-SDK-main/com.onesignal.unity.android/Editor/OneSignal.Android.Editor.asmdef
  artifactKey: Guid(233a619bb8ab84a1db39e4ebeac8c66c) Importer(815301076,1909f56bfc062723c751e8b465ee728b)
Start importing Assets/OneSignal-Unity-SDK-main/OneSignal-Unity-SDK-main/com.onesignal.unity.android/Editor/OneSignal.Android.Editor.asmdef using Guid(233a619bb8ab84a1db39e4ebeac8c66c) Importer(815301076,1909f56bfc062723c751e8b465ee728b)  -> (artifact id: 'a78b89edafb40f0be3be66cd5d89bbe8') in 0.007642 seconds 
  Import took 0.010605 seconds .

========================================================================
Received Prepare
Refreshing native plugins compatible for Editor in 9.48 ms, found 3 plugins.
Preloading 0 native plugins for Editor in 0.00 ms.
Unloading 100 Unused Serialized files (Serialized files now loaded: 0)
System memory in use before: 54.7 MB.
System memory in use after: 54.7 MB.

Unloading 45 unused Assets to reduce memory usage. Loaded Objects now: 2639.
Total: 3.203700 ms (FindLiveObjects: 0.196300 ms CreateObjectMapping: 0.087900 ms MarkObjects: 2.795900 ms  DeleteObjects: 0.122000 ms)

AssetImportParameters requested are different than current active one (requested -> active):
  custom:framework-win-MediaFoundation: 216162199b28c13a410421893ffa2e32 -> 
  custom:video-decoder-ogg-theora: a1e56fd34408186e4bbccfd4996cb3dc -> 
  custom:container-muxer-webm: aa71ff27fc2769a1b78a27578f13a17b -> 
  custom:container-demuxer-webm: 4f35f7cbe854078d1ac9338744f61a02 -> 
  custom:container-demuxer-ogg: 62fdf1f143b41e24485cea50d1cbac27 -> 
  custom:video-encoder-webm-vp8: eb34c28f22e8b96e1ab97ce403110664 -> 
  custom:video-decoder-webm-vp8: 9c59270c3fd7afecdb556c50c9e8de78 -> 
  custom:audio-decoder-ogg-vorbis: bf7c407c2cedff20999df2af8eb42d56 -> 
  custom:audio-encoder-webm-vorbis: bf7c407c2cedff20999df2af8eb42d56 -> 
========================================================================
Received Prepare
Refreshing native plugins compatible for Editor in 12.08 ms, found 3 plugins.
Preloading 0 native plugins for Editor in 0.00 ms.
Unloading 39 Unused Serialized files (Serialized files now loaded: 0)
System memory in use before: 53.5 MB.
System memory in use after: 53.5 MB.

Unloading 45 unused Assets to reduce memory usage. Loaded Objects now: 2639.
Total: 2.866200 ms (FindLiveObjects: 0.264600 ms CreateObjectMapping: 0.108000 ms MarkObjects: 2.378200 ms  DeleteObjects: 0.114300 ms)

AssetImportParameters requested are different than current active one (requested -> active):
  custom:framework-win-MediaFoundation: 216162199b28c13a410421893ffa2e32 -> 
  custom:video-decoder-ogg-theora: a1e56fd34408186e4bbccfd4996cb3dc -> 
  custom:container-muxer-webm: aa71ff27fc2769a1b78a27578f13a17b -> 
  custom:container-demuxer-webm: 4f35f7cbe854078d1ac9338744f61a02 -> 
  custom:container-demuxer-ogg: 62fdf1f143b41e24485cea50d1cbac27 -> 
  custom:video-encoder-webm-vp8: eb34c28f22e8b96e1ab97ce403110664 -> 
  custom:video-decoder-webm-vp8: 9c59270c3fd7afecdb556c50c9e8de78 -> 
  custom:audio-decoder-ogg-vorbis: bf7c407c2cedff20999df2af8eb42d56 -> 
  custom:audio-encoder-webm-vorbis: bf7c407c2cedff20999df2af8eb42d56 -> 
========================================================================
Received Import Request.
  Time since last request: 322.987925 seconds.
  path: Assets/OneSignal-Unity-SDK-main/OneSignal-Unity-SDK-main/com.onesignal.unity.ios/Editor/OneSignal.iOS.Editor.asmdef
  artifactKey: Guid(1d1c6a283b2a6462892c58ef830733ae) Importer(815301076,1909f56bfc062723c751e8b465ee728b)
Start importing Assets/OneSignal-Unity-SDK-main/OneSignal-Unity-SDK-main/com.onesignal.unity.ios/Editor/OneSignal.iOS.Editor.asmdef using Guid(1d1c6a283b2a6462892c58ef830733ae) Importer(815301076,1909f56bfc062723c751e8b465ee728b)  -> (artifact id: '463525c9205a596cd57c5a175b102572') in 0.007926 seconds 
  Import took 0.011590 seconds .

AssetImportWorkerClient::OnTransportError - code=2 error=End of file
